<?xml version="1.0" encoding="UTF-8" ?>
<testsuite errors="1" failures="0" hostname="Prashant" name="testProjecttestcases.TestCases" skipped="0" tests="1" time="0.0" timestamp="2017-03-17T02:47:10">
  <properties>
[...]
</properties>
  <error message="testProjecttestcases.TestCases" type="java.lang.ClassNotFoundException">java.lang.ClassNotFoundException: testProjecttestcases.TestCases
	at java.lang.ClassLoader.loadClass(Unknown Source)
	at java.lang.Class.forName0(Native Method)
	at java.lang.Class.forName(Unknown Source)
	at org.eclipse.ant.internal.launching.remote.EclipseDefaultExecutor.executeTargets(EclipseDefaultExecutor.java:32)
	at org.eclipse.ant.internal.launching.remote.InternalAntRunner.run(InternalAntRunner.java:424)
	at org.eclipse.ant.internal.launching.remote.InternalAntRunner.main(InternalAntRunner.java:138)
</error>
  <system-out><![CDATA[]]></system-out>
  <system-err><![CDATA[]]></system-err>
</testsuite>
